  PoingPong.cpp
d:\escuela\graficas computacionales\practicas y tareas\opengl\opengl\libraries.h(254): warning C4018: '<': no coinciden signed/unsigned
d:\escuela\graficas computacionales\practicas y tareas\opengl\opengl\libraries.h(780): warning C4018: '>=': no coinciden signed/unsigned
d:\escuela\graficas computacionales\practicas y tareas\opengl\opengl\libraries.h(804): warning C4018: '<': no coinciden signed/unsigned
d:\escuela\graficas computacionales\practicas y tareas\opengl\opengl\libraries.h(819): warning C4018: '<': no coinciden signed/unsigned
d:\escuela\graficas computacionales\practicas y tareas\opengl\opengl\libraries.h(825): warning C4018: '<': no coinciden signed/unsigned
d:\escuela\graficas computacionales\practicas y tareas\opengl\opengl\libraries.h(903): warning C4018: '<': no coinciden signed/unsigned
d:\escuela\graficas computacionales\practicas y tareas\opengl\opengl\libraries.h(909): warning C4018: '<': no coinciden signed/unsigned
d:\escuela\graficas computacionales\practicas y tareas\opengl\opengl\libraries.h(912): warning C4018: '<': no coinciden signed/unsigned
d:\escuela\graficas computacionales\practicas y tareas\opengl\opengl\libraries.h(1026): warning C4018: '<': no coinciden signed/unsigned
d:\escuela\graficas computacionales\practicas y tareas\opengl\opengl\libraries.h(1060): warning C4018: '<': no coinciden signed/unsigned
d:\escuela\graficas computacionales\practicas y tareas\opengl\opengl\libraries.h(1085): warning C4018: '>=': no coinciden signed/unsigned
d:\escuela\graficas computacionales\practicas y tareas\opengl\opengl\libraries.h(1092): warning C4018: '<': no coinciden signed/unsigned
d:\escuela\graficas computacionales\practicas y tareas\opengl\opengl\libraries.h(1093): warning C4018: '<': no coinciden signed/unsigned
d:\escuela\graficas computacionales\practicas y tareas\opengl\opengl\libraries.h(1114): warning C4018: '<': no coinciden signed/unsigned
d:\escuela\graficas computacionales\practicas y tareas\opengl\opengl\libraries.h(1121): warning C4018: '<': no coinciden signed/unsigned
d:\escuela\graficas computacionales\practicas y tareas\opengl\opengl\libraries.h(1180): warning C4018: '<': no coinciden signed/unsigned
d:\escuela\graficas computacionales\practicas y tareas\opengl\opengl\libraries.h(1187): warning C4018: '<': no coinciden signed/unsigned
d:\escuela\graficas computacionales\practicas y tareas\opengl\opengl\libraries.h(1202): warning C4018: '<': no coinciden signed/unsigned
d:\escuela\graficas computacionales\practicas y tareas\opengl\opengl\libraries.h(1233): warning C4018: '<': no coinciden signed/unsigned
d:\escuela\graficas computacionales\practicas y tareas\opengl\opengl\libraries.h(1240): warning C4018: '<': no coinciden signed/unsigned
d:\escuela\graficas computacionales\practicas y tareas\opengl\opengl\libraries.h(1600): warning C4018: '<': no coinciden signed/unsigned
d:\escuela\graficas computacionales\practicas y tareas\opengl\opengl\libraries.h(2090): warning C4018: '<': no coinciden signed/unsigned
d:\escuela\graficas computacionales\practicas y tareas\opengl\opengl\librariesraycasting.h(93): warning C4018: '<': no coinciden signed/unsigned
  main.cpp
  Libraries.h
d:\escuela\graficas computacionales\practicas y tareas\opengl\opengl\libraries.h(254): warning C4018: '<': no coinciden signed/unsigned
d:\escuela\graficas computacionales\practicas y tareas\opengl\opengl\libraries.h(780): warning C4018: '>=': no coinciden signed/unsigned
d:\escuela\graficas computacionales\practicas y tareas\opengl\opengl\libraries.h(804): warning C4018: '<': no coinciden signed/unsigned
d:\escuela\graficas computacionales\practicas y tareas\opengl\opengl\libraries.h(819): warning C4018: '<': no coinciden signed/unsigned
d:\escuela\graficas computacionales\practicas y tareas\opengl\opengl\libraries.h(825): warning C4018: '<': no coinciden signed/unsigned
d:\escuela\graficas computacionales\practicas y tareas\opengl\opengl\libraries.h(903): warning C4018: '<': no coinciden signed/unsigned
d:\escuela\graficas computacionales\practicas y tareas\opengl\opengl\libraries.h(909): warning C4018: '<': no coinciden signed/unsigned
d:\escuela\graficas computacionales\practicas y tareas\opengl\opengl\libraries.h(912): warning C4018: '<': no coinciden signed/unsigned
d:\escuela\graficas computacionales\practicas y tareas\opengl\opengl\libraries.h(1026): warning C4018: '<': no coinciden signed/unsigned
d:\escuela\graficas computacionales\practicas y tareas\opengl\opengl\libraries.h(1060): warning C4018: '<': no coinciden signed/unsigned
d:\escuela\graficas computacionales\practicas y tareas\opengl\opengl\libraries.h(1085): warning C4018: '>=': no coinciden signed/unsigned
d:\escuela\graficas computacionales\practicas y tareas\opengl\opengl\libraries.h(1092): warning C4018: '<': no coinciden signed/unsigned
d:\escuela\graficas computacionales\practicas y tareas\opengl\opengl\libraries.h(1093): warning C4018: '<': no coinciden signed/unsigned
d:\escuela\graficas computacionales\practicas y tareas\opengl\opengl\libraries.h(1114): warning C4018: '<': no coinciden signed/unsigned
d:\escuela\graficas computacionales\practicas y tareas\opengl\opengl\libraries.h(1121): warning C4018: '<': no coinciden signed/unsigned
d:\escuela\graficas computacionales\practicas y tareas\opengl\opengl\libraries.h(1180): warning C4018: '<': no coinciden signed/unsigned
d:\escuela\graficas computacionales\practicas y tareas\opengl\opengl\libraries.h(1187): warning C4018: '<': no coinciden signed/unsigned
d:\escuela\graficas computacionales\practicas y tareas\opengl\opengl\libraries.h(1202): warning C4018: '<': no coinciden signed/unsigned
d:\escuela\graficas computacionales\practicas y tareas\opengl\opengl\libraries.h(1233): warning C4018: '<': no coinciden signed/unsigned
d:\escuela\graficas computacionales\practicas y tareas\opengl\opengl\libraries.h(1240): warning C4018: '<': no coinciden signed/unsigned
d:\escuela\graficas computacionales\practicas y tareas\opengl\opengl\libraries.h(1600): warning C4018: '<': no coinciden signed/unsigned
d:\escuela\graficas computacionales\practicas y tareas\opengl\opengl\libraries.h(2090): warning C4018: '<': no coinciden signed/unsigned
  Generando código...
  OpenGL.vcxproj -> D:\Escuela\Graficas Computacionales\Practicas y Tareas\OpenGL\Debug\OpenGL.exe
  OpenGL.vcxproj -> D:\Escuela\Graficas Computacionales\Practicas y Tareas\OpenGL\Debug\OpenGL.pdb (Partial PDB)
